Performing C++ SOURCE FILE Test CMAKE_HAVE_LIBC_PTHREAD failed with the following output:
Change Dir: /home/rodelph/dev/ImageProc/build-ImageProc-Desktop-Release/CMakeFiles/CMakeTmp

Run Build Command(s):/usr/bin/make cmTC_6842c/fast && /usr/bin/make -f CMakeFiles/cmTC_6842c.dir/build.make CMakeFiles/cmTC_6842c.dir/build
make[1]: Entering directory '/home/rodelph/dev/ImageProc/build-ImageProc-Desktop-Release/CMakeFiles/CMakeTmp'
Building CXX object CMakeFiles/cmTC_6842c.dir/src.cxx.o
/bin/x86_64-linux-gnu-g++-9    -DCMAKE_HAVE_LIBC_PTHREAD   -o CMakeFiles/cmTC_6842c.dir/src.cxx.o -c /home/rodelph/dev/ImageProc/build-ImageProc-Desktop-Release/CMakeFiles/CMakeTmp/src.cxx
Linking CXX executable cmTC_6842c
/usr/bin/cmake -E cmake_link_script CMakeFiles/cmTC_6842c.dir/link.txt --verbose=1
/bin/x86_64-linux-gnu-g++-9   -DCMAKE_HAVE_LIBC_PTHREAD    CMakeFiles/cmTC_6842c.dir/src.cxx.o  -o cmTC_6842c 
/usr/bin/ld: CMakeFiles/cmTC_6842c.dir/src.cxx.o: in function `main':
src.cxx:(.text+0x46): undefined reference to `pthread_create'
/usr/bin/ld: src.cxx:(.text+0x52): undefined reference to `pthread_detach'
/usr/bin/ld: src.cxx:(.text+0x63): undefined reference to `pthread_join'
collect2: error: ld returned 1 exit status
make[1]: *** [CMakeFiles/cmTC_6842c.dir/build.make:87: cmTC_6842c] Error 1
make[1]: Leaving directory '/home/rodelph/dev/ImageProc/build-ImageProc-Desktop-Release/CMakeFiles/CMakeTmp'
make: *** [Makefile:121: cmTC_6842c/fast] Error 2


Source file was:
#include <pthread.h>

void* test_func(void* data)
{
  return data;
}

int main(void)
{
  pthread_t thread;
  pthread_create(&thread, NULL, test_func, NULL);
  pthread_detach(thread);
  pthread_join(thread, NULL);
  pthread_atfork(NULL, NULL, NULL);
  pthread_exit(NULL);

  return 0;
}

Determining if the function pthread_create exists in the pthreads failed with the following output:
Change Dir: /home/rodelph/dev/ImageProc/build-ImageProc-Desktop-Release/CMakeFiles/CMakeTmp

Run Build Command(s):/usr/bin/make cmTC_4d45e/fast && /usr/bin/make -f CMakeFiles/cmTC_4d45e.dir/build.make CMakeFiles/cmTC_4d45e.dir/build
make[1]: Entering directory '/home/rodelph/dev/ImageProc/build-ImageProc-Desktop-Release/CMakeFiles/CMakeTmp'
Building CXX object CMakeFiles/cmTC_4d45e.dir/CheckFunctionExists.cxx.o
/bin/x86_64-linux-gnu-g++-9    -DCHECK_FUNCTION_EXISTS=pthread_create   -o CMakeFiles/cmTC_4d45e.dir/CheckFunctionExists.cxx.o -c /home/rodelph/dev/ImageProc/build-ImageProc-Desktop-Release/CMakeFiles/CheckLibraryExists/CheckFunctionExists.cxx
Linking CXX executable cmTC_4d45e
/usr/bin/cmake -E cmake_link_script CMakeFiles/cmTC_4d45e.dir/link.txt --verbose=1
/bin/x86_64-linux-gnu-g++-9   -DCHECK_FUNCTION_EXISTS=pthread_create    CMakeFiles/cmTC_4d45e.dir/CheckFunctionExists.cxx.o  -o cmTC_4d45e  -lpthreads 
/usr/bin/ld: cannot find -lpthreads
collect2: error: ld returned 1 exit status
make[1]: *** [CMakeFiles/cmTC_4d45e.dir/build.make:87: cmTC_4d45e] Error 1
make[1]: Leaving directory '/home/rodelph/dev/ImageProc/build-ImageProc-Desktop-Release/CMakeFiles/CMakeTmp'
make: *** [Makefile:121: cmTC_4d45e/fast] Error 2



